<?xml version="1.0" encoding="UTF-8"?>
<testng-results skipped="0" failed="0" ignored="0" total="1" passed="1">
  <reporter-output>
  </reporter-output>
  <suite name="Default suite" duration-ms="4026" started-at="2022-05-06T07:47:33 IST" finished-at="2022-05-06T07:47:37 IST">
    <groups>
    </groups>
    <test name="Default test" duration-ms="4026" started-at="2022-05-06T07:47:33 IST" finished-at="2022-05-06T07:47:37 IST">
      <class name="com.crudWithBDD.CreateProject1BDDTest">
        <test-method status="PASS" signature="create()[pri:0, instance:com.crudWithBDD.CreateProject1BDDTest@74650e52]" name="create" duration-ms="3954" started-at="2022-05-06T07:47:33 IST" finished-at="2022-05-06T07:47:37 IST">
          <reporter-output>
          </reporter-output>
        </test-method> <!-- create -->
      </class> <!-- com.crudWithBDD.CreateProject1BDDTest -->
    </test> <!-- Default test -->
  </suite> <!-- Default suite -->
</testng-results>
