<?xml version="1.0" encoding="UTF-8"?>
<testng-results skipped="0" failed="0" ignored="0" total="2" passed="2">
  <reporter-output>
  </reporter-output>
  <suite name="Default suite" duration-ms="4839" started-at="2022-05-10T13:13:01 IST" finished-at="2022-05-10T13:13:06 IST">
    <groups>
    </groups>
    <test name="Default test" duration-ms="4839" started-at="2022-05-10T13:13:01 IST" finished-at="2022-05-10T13:13:06 IST">
      <class name="com.crudWithBDD.CreateRequestPojo">
        <test-method status="PASS" signature="sendrequest(java.lang.String,java.lang.String)[pri:0, instance:com.crudWithBDD.CreateRequestPojo@33f88ab]" name="sendrequest" duration-ms="4120" started-at="2022-05-10T13:13:01 IST" data-provider="data" finished-at="2022-05-10T13:13:05 IST">
          <params>
            <param index="0">
              <value>
                <![CDATA[Punit]]>
              </value>
            </param>
            <param index="1">
              <value>
                <![CDATA[Automation Engineer]]>
              </value>
            </param>
          </params>
          <reporter-output>
          </reporter-output>
        </test-method> <!-- sendrequest -->
        <test-method status="PASS" signature="sendrequest(java.lang.String,java.lang.String)[pri:0, instance:com.crudWithBDD.CreateRequestPojo@33f88ab]" name="sendrequest" duration-ms="652" started-at="2022-05-10T13:13:05 IST" data-provider="data" finished-at="2022-05-10T13:13:06 IST">
          <params>
            <param index="0">
              <value>
                <![CDATA[Ramit]]>
              </value>
            </param>
            <param index="1">
              <value>
                <![CDATA[Developer]]>
              </value>
            </param>
          </params>
          <reporter-output>
          </reporter-output>
        </test-method> <!-- sendrequest -->
      </class> <!-- com.crudWithBDD.CreateRequestPojo -->
    </test> <!-- Default test -->
  </suite> <!-- Default suite -->
</testng-results>
